<?xml version="1.0" encoding="UTF-8"?>
<!-- Generated by org.testng.reporters.JUnitReportReporter -->
<testsuite skipped="0" hostname="WS4022TST-022" name="testCases.Test_Raise_Order_with_10_Product" tests="1" failures="0" timestamp="15 Feb 2021 03:11:34 GMT" time="4.501" errors="0">
  <testcase name="raiseOrderWithTenProduct" time="4.501" classname="testCases.Test_Raise_Order_with_10_Product"/>
</testsuite> <!-- testCases.Test_Raise_Order_with_10_Product -->
